<?xml version="1.0" encoding="UTF-8"?>
<testsuite xmlns:xsi="http://www.w3.org/2001/XMLSchema-instance" xsi:noNamespaceSchemaLocation="https://maven.apache.org/surefire/maven-surefire-plugin/xsd/surefire-test-report-3.0.xsd" version="3.0" name="runners.CucumberTestRunner" time="29.619" tests="1" errors="0" skipped="0" failures="0">
  <properties>
[...]
</properties>
  <testcase name="runScenario[&quot;Login with valid credentials&quot;, &quot;Validating Login Functionality&quot;](1)" classname="runners.CucumberTestRunner" time="25.256">
    <system-out><![CDATA[
@smoke
Scenario: Login with valid credentials                      # src/test/resources/features/login.feature:4
  Given User is on the login page                           # stepdefinitions.LoginSteps.user_is_on_the_login_page()
  When User enters username "Admin" and password "admin123" # stepdefinitions.LoginSteps.user_enters_username_and_password(java.lang.String,java.lang.String)
  And User clicks on login button                           # stepdefinitions.LoginSteps.user_clicks_on_login_button()
  Then User should be logged in successfully                # stepdefinitions.LoginSteps.user_should_be_logged_in_successfully()
]]></system-out>
    <system-err><![CDATA[SLF4J: Failed to load class "org.slf4j.impl.StaticLoggerBinder".
SLF4J: Defaulting to no-operation (NOP) logger implementation
SLF4J: See http://www.slf4j.org/codes.html#StaticLoggerBinder for further details.
Jan 19, 2026 9:18:38 PM org.openqa.selenium.devtools.CdpVersionFinder findNearestMatch
WARNING: Unable to find CDP implementation matching 143
Jan 19, 2026 9:18:38 PM org.openqa.selenium.chromium.ChromiumDriver lambda$new$5
WARNING: Unable to find version of CDP to use for 143.0.7499.193. You may need to include a dependency on a specific version of the CDP using something similar to `org.seleniumhq.selenium:selenium-devtools-v86:4.16.1` where the version ("v86") matches the version of the chromium-based browser you're using and the version number of the artifact is the same as Selenium's.
]]></system-err>
  </testcase>
</testsuite>